<?xml version="1.0" encoding="utf-8" standalone="no"?>
<test-results xmlns:xsi="http://www.w3.org/2001/XMLSchema-instance" xsi:noNamespaceSchemaLocation="nunit_schema_2.5.xsd" name="Pester" total="879" errors="0" failures="3" not-run="0" inconclusive="0" ignored="0" skipped="0" invalid="0" date="2018-03-14" time="11:36:28">
  <environment user="mrrob" machine-name="ROB-XPS" cwd="SQLBitsPreCon:\" user-domain="ROB-XPS" platform="Microsoft Windows 10 Pro|C:\WINDOWS|\Device\Harddisk0\Partition3" nunit-version="2.5.8.0" os-version="10.0.16299" clr-version="4.0.30319.42000" />
  <culture-info current-culture="en-GB" current-uiculture="en-GB" />
  <test-suite type="TestFixture" name="Pester" executed="True" result="Failure" success="False" time="15.6486" asserts="0" description="Pester">
    <results>
      <test-suite type="TestFixture" name="C:\Users\mrrob\OneDrive\Documents\GitHub\SQLBitsPreCon\Slides and Demos\03 - Pester Introduction\Pester.Tests.ps1" executed="True" result="Failure" success="False" time="15.6486" asserts="0" description="C:\Users\mrrob\OneDrive\Documents\GitHub\SQLBitsPreCon\Slides and Demos\03 - Pester Introduction\Pester.Tests.ps1">
        <results>
          <test-suite type="TestFixture" name="These tests have an Identity Tag" executed="True" result="Failure" success="False" time="15.6486" asserts="0" description="These tests have an Identity Tag">
            <results>
              <test-case description="usage for AdventureWorks2014.HumanResources.Shift.ShiftID on ROB-XPS should be less than 30 percent" name="These tests have an Identity Tag.usage for AdventureWorks2014.HumanResources.Shift.ShiftID on ROB-XPS should be less than 30 percent" time="5.535" asserts="0" success="False" result="Failure" executed="True">
                <failure>
                  <message>Expected 90 to be less than the actual value, but got 100.00.</message>
                  <stack-trace>at &lt;ScriptBlock&gt;, C:\Users\mrrob\OneDrive\Documents\GitHub\SQLBitsPreCon\Slides and Demos\03 - Pester Introduction\Pester.Tests.ps1: line 20
20:                 $psitem.PercentUsed | Should -BeLessThan 90</stack-trace>
                </failure>
              </test-case>
              <test-case description="usage for AdventureWorks2014.dbo.AWBuildVersion.SystemInformationID on ROB-XPS should be less than 30 percent" name="These tests have an Identity Tag.usage for AdventureWorks2014.dbo.AWBuildVersion.SystemInformationID on ROB-XPS should be less than 30 percent" time="0.0324" asserts="0" success="True" result="Success" executed="True" />
              <test-case description="usage for AdventureWorks2014.Production.Location.LocationID on ROB-XPS should be less than 30 percent" name="These tests have an Identity Tag.usage for AdventureWorks2014.Production.Location.LocationID on ROB-XPS should be less than 30 percent" time="0.0253" asserts="0" success="True" result="Success" executed="True" />
              <test-case description="usage for AdventureWorks2014.Production.ScrapReason.ScrapReasonID on ROB-XPS should be less than 30 percent" name="These tests have an Identity Tag.usage for AdventureWorks2014.Production.ScrapReason.ScrapReasonID on ROB-XPS should be less than 30 percent" time="0.0202" asserts="0" success="True" result="Success" executed="True" />
              <test-case description="usage for AdventureWorks2014.HumanResources.Department.DepartmentID on ROB-XPS should be less than 30 percent" name="These tests have an Identity Tag.usage for AdventureWorks2014.HumanResources.Department.DepartmentID on ROB-XPS should be less than 30 percent" time="0.0213" asserts="0" success="True" result="Success" executed="True" />
              <test-case description="usage for AdventureWorks2014.Sales.SalesOrderDetail.SalesOrderDetailID on ROB-XPS should be less than 30 percent" name="These tests have an Identity Tag.usage for AdventureWorks2014.Sales.SalesOrderDetail.SalesOrderDetailID on ROB-XPS should be less than 30 percent" time="0.032" asserts="0" success="True" result="Success" executed="True" />
              <test-case description="usage for AdventureWorks2014.Production.TransactionHistory.TransactionID on ROB-XPS should be less than 30 percent" name="These tests have an Identity Tag.usage for AdventureWorks2014.Production.TransactionHistory.TransactionID on ROB-XPS should be less than 30 percent" time="0.0069" asserts="0" success="True" result="Success" executed="True" />
              <test-case description="usage for AdventureWorks2014.Production.ProductReview.ProductReviewID on ROB-XPS should be less than 30 percent" name="These tests have an Identity Tag.usage for AdventureWorks2014.Production.ProductReview.ProductReviewID on ROB-XPS should be less than 30 percent" time="0.0191" asserts="0" success="True" result="Success" executed="True" />
              <test-case description="usage for AdventureWorks2014.Person.BusinessEntity.BusinessEntityID on ROB-XPS should be less than 30 percent" name="These tests have an Identity Tag.usage for AdventureWorks2014.Person.BusinessEntity.BusinessEntityID on ROB-XPS should be less than 30 percent" time="0.0189" asserts="0" success="True" result="Success" executed="True" />
              <test-case description="usage for AdventureWorks2014.Production.ProductSubcategory.ProductSubcategoryID on ROB-XPS should be less than 30 percent" name="These tests have an Identity Tag.usage for AdventureWorks2014.Production.ProductSubcategory.ProductSubcategoryID on ROB-XPS should be less than 30 percent" time="0.0161" asserts="0" success="True" result="Success" executed="True" />
              <test-case description="usage for AdventureWorks2014.Person.ContactType.ContactTypeID on ROB-XPS should be less than 30 percent" name="These tests have an Identity Tag.usage for AdventureWorks2014.Person.ContactType.ContactTypeID on ROB-XPS should be less than 30 percent" time="0.0189" asserts="0" success="True" result="Success" executed="True" />
              <test-case description="usage for AdventureWorks2014.Production.WorkOrder.WorkOrderID on ROB-XPS should be less than 30 percent" name="These tests have an Identity Tag.usage for AdventureWorks2014.Production.WorkOrder.WorkOrderID on ROB-XPS should be less than 30 percent" time="0.0195" asserts="0" success="True" result="Success" executed="True" />
              <test-case description="usage for AdventureWorks2014.Purchasing.PurchaseOrderDetail.PurchaseOrderDetailID on ROB-XPS should be less than 30 percent" name="These tests have an Identity Tag.usage for AdventureWorks2014.Purchasing.PurchaseOrderDetail.PurchaseOrderDetailID on ROB-XPS should be less than 30 percent" time="0.0177" asserts="0" success="True" result="Success" executed="True" />
              <test-case description="usage for AdventureWorks2014.Sales.CreditCard.CreditCardID on ROB-XPS should be less than 30 percent" name="These tests have an Identity Tag.usage for AdventureWorks2014.Sales.CreditCard.CreditCardID on ROB-XPS should be less than 30 percent" time="0.0165" asserts="0" success="True" result="Success" executed="True" />
              <test-case description="usage for AdventureWorks2014.Purchasing.PurchaseOrderHeader.PurchaseOrderID on ROB-XPS should be less than 30 percent" name="These tests have an Identity Tag.usage for AdventureWorks2014.Purchasing.PurchaseOrderHeader.PurchaseOrderID on ROB-XPS should be less than 30 percent" time="0.0191" asserts="0" success="True" result="Success" executed="True" />
              <test-case description="usage for AdventureWorks2014.Sales.CurrencyRate.CurrencyRateID on ROB-XPS should be less than 30 percent" name="These tests have an Identity Tag.usage for AdventureWorks2014.Sales.CurrencyRate.CurrencyRateID on ROB-XPS should be less than 30 percent" time="0.0195" asserts="0" success="True" result="Success" executed="True" />
              <test-case description="usage for AdventureWorks2014.Sales.Customer.CustomerID on ROB-XPS should be less than 30 percent" name="These tests have an Identity Tag.usage for AdventureWorks2014.Sales.Customer.CustomerID on ROB-XPS should be less than 30 percent" time="0.0065" asserts="0" success="True" result="Success" executed="True" />
              <test-case description="usage for AdventureWorks2014.Production.ProductCategory.ProductCategoryID on ROB-XPS should be less than 30 percent" name="These tests have an Identity Tag.usage for AdventureWorks2014.Production.ProductCategory.ProductCategoryID on ROB-XPS should be less than 30 percent" time="0.0157" asserts="0" success="True" result="Success" executed="True" />
              <test-case description="usage for AdventureWorks2014.Purchasing.ShipMethod.ShipMethodID on ROB-XPS should be less than 30 percent" name="These tests have an Identity Tag.usage for AdventureWorks2014.Purchasing.ShipMethod.ShipMethodID on ROB-XPS should be less than 30 percent" time="0.0296" asserts="0" success="True" result="Success" executed="True" />
              <test-case description="usage for AdventureWorks2014.sys.sqlagent_job_history.instance_id on ROB-XPS should be less than 30 percent" name="These tests have an Identity Tag.usage for AdventureWorks2014.sys.sqlagent_job_history.instance_id on ROB-XPS should be less than 30 percent" time="0.006" asserts="0" success="True" result="Success" executed="True" />
              <test-case description="usage for AdventureWorks2014.sys.sqlagent_jobsteps_logs.log_id on ROB-XPS should be less than 30 percent" name="These tests have an Identity Tag.usage for AdventureWorks2014.sys.sqlagent_jobsteps_logs.log_id on ROB-XPS should be less than 30 percent" time="0.0356" asserts="0" success="True" result="Success" executed="True" />
              <test-case description="usage for AdventureWorks2014.Production.ProductDescription.ProductDescriptionID on ROB-XPS should be less than 30 percent" name="These tests have an Identity Tag.usage for AdventureWorks2014.Production.ProductDescription.ProductDescriptionID on ROB-XPS should be less than 30 percent" time="0.0165" asserts="0" success="True" result="Success" executed="True" />
              <test-case description="usage for AdventureWorks2014.Sales.ShoppingCartItem.ShoppingCartItemID on ROB-XPS should be less than 30 percent" name="These tests have an Identity Tag.usage for AdventureWorks2014.Sales.ShoppingCartItem.ShoppingCartItemID on ROB-XPS should be less than 30 percent" time="0.0064" asserts="0" success="True" result="Success" executed="True" />
              <test-case description="usage for AdventureWorks2014.dbo.DatabaseLog.DatabaseLogID on ROB-XPS should be less than 30 percent" name="These tests have an Identity Tag.usage for AdventureWorks2014.dbo.DatabaseLog.DatabaseLogID on ROB-XPS should be less than 30 percent" time="0.0047" asserts="0" success="True" result="Success" executed="True" />
              <test-case description="usage for AdventureWorks2014.Sales.SpecialOffer.SpecialOfferID on ROB-XPS should be less than 30 percent" name="These tests have an Identity Tag.usage for AdventureWorks2014.Sales.SpecialOffer.SpecialOfferID on ROB-XPS should be less than 30 percent" time="0.0047" asserts="0" success="True" result="Success" executed="True" />
              <test-case description="usage for AdventureWorks2014.dbo.ErrorLog.ErrorLogID on ROB-XPS should be less than 30 percent" name="These tests have an Identity Tag.usage for AdventureWorks2014.dbo.ErrorLog.ErrorLogID on ROB-XPS should be less than 30 percent" time="0.0059" asserts="0" success="True" result="Success" executed="True" />
              <test-case description="usage for AdventureWorks2014.Person.Address.AddressID on ROB-XPS should be less than 30 percent" name="These tests have an Identity Tag.usage for AdventureWorks2014.Person.Address.AddressID on ROB-XPS should be less than 30 percent" time="0.0066" asserts="0" success="True" result="Success" executed="True" />
              <test-case description="usage for AdventureWorks2014.Production.ProductModel.ProductModelID on ROB-XPS should be less than 30 percent" name="These tests have an Identity Tag.usage for AdventureWorks2014.Production.ProductModel.ProductModelID on ROB-XPS should be less than 30 percent" time="0.0162" asserts="0" success="True" result="Success" executed="True" />
              <test-case description="usage for AdventureWorks2014.Person.AddressType.AddressTypeID on ROB-XPS should be less than 30 percent" name="These tests have an Identity Tag.usage for AdventureWorks2014.Person.AddressType.AddressTypeID on ROB-XPS should be less than 30 percent" time="0.0127" asserts="0" success="True" result="Success" executed="True" />
              <test-case description="usage for AdventureWorks2014.Person.StateProvince.StateProvinceID on ROB-XPS should be less than 30 percent" name="These tests have an Identity Tag.usage for AdventureWorks2014.Person.StateProvince.StateProvinceID on ROB-XPS should be less than 30 percent" time="0.0157" asserts="0" success="True" result="Success" executed="True" />
              <test-case description="usage for AdventureWorks2014.Person.EmailAddress.EmailAddressID on ROB-XPS should be less than 30 percent" name="These tests have an Identity Tag.usage for AdventureWorks2014.Person.EmailAddress.EmailAddressID on ROB-XPS should be less than 30 percent" time="0.0127" asserts="0" success="True" result="Success" executed="True" />
              <test-case description="usage for AdventureWorks2014.dbo.__MigrationLog.sequence_no on ROB-XPS should be less than 30 percent" name="These tests have an Identity Tag.usage for AdventureWorks2014.dbo.__MigrationLog.sequence_no on ROB-XPS should be less than 30 percent" time="0.0153" asserts="0" success="True" result="Success" executed="True" />
              <test-case description="usage for AdventureWorks2014.Sales.SalesOrderHeader.SalesOrderID on ROB-XPS should be less than 30 percent" name="These tests have an Identity Tag.usage for AdventureWorks2014.Sales.SalesOrderHeader.SalesOrderID on ROB-XPS should be less than 30 percent" time="0.0057" asserts="0" success="True" result="Success" executed="True" />
              <test-case description="usage for AdventureWorks2014.Production.Illustration.IllustrationID on ROB-XPS should be less than 30 percent" name="These tests have an Identity Tag.usage for AdventureWorks2014.Production.Illustration.IllustrationID on ROB-XPS should be less than 30 percent" time="0.0205" asserts="0" success="True" result="Success" executed="True" />
              <test-case description="usage for AdventureWorks2014.HumanResources.JobCandidate.JobCandidateID on ROB-XPS should be less than 30 percent" name="These tests have an Identity Tag.usage for AdventureWorks2014.HumanResources.JobCandidate.JobCandidateID on ROB-XPS should be less than 30 percent" time="0.0243" asserts="0" success="True" result="Success" executed="True" />
              <test-case description="usage for AdventureWorks2014.Production.BillOfMaterials.BillOfMaterialsID on ROB-XPS should be less than 30 percent" name="These tests have an Identity Tag.usage for AdventureWorks2014.Production.BillOfMaterials.BillOfMaterialsID on ROB-XPS should be less than 30 percent" time="0.0175" asserts="0" success="True" result="Success" executed="True" />
              <test-case description="usage for AdventureWorks2014.Production.ProductPhoto.ProductPhotoID on ROB-XPS should be less than 30 percent" name="These tests have an Identity Tag.usage for AdventureWorks2014.Production.ProductPhoto.ProductPhotoID on ROB-XPS should be less than 30 percent" time="0.0293" asserts="0" success="True" result="Success" executed="True" />
              <test-case description="usage for AdventureWorks2014.Sales.SalesReason.SalesReasonID on ROB-XPS should be less than 30 percent" name="These tests have an Identity Tag.usage for AdventureWorks2014.Sales.SalesReason.SalesReasonID on ROB-XPS should be less than 30 percent" time="0.0067" asserts="0" success="True" result="Success" executed="True" />
              <test-case description="usage for AdventureWorks2014.Sales.SalesTaxRate.SalesTaxRateID on ROB-XPS should be less than 30 percent" name="These tests have an Identity Tag.usage for AdventureWorks2014.Sales.SalesTaxRate.SalesTaxRateID on ROB-XPS should be less than 30 percent" time="0.0064" asserts="0" success="True" result="Success" executed="True" />
              <test-case description="usage for AdventureWorks2014.Sales.SalesTerritory.TerritoryID on ROB-XPS should be less than 30 percent" name="These tests have an Identity Tag.usage for AdventureWorks2014.Sales.SalesTerritory.TerritoryID on ROB-XPS should be less than 30 percent" time="0.017" asserts="0" success="True" result="Success" executed="True" />
              <test-case description="usage for AdventureWorks2014.Person.PhoneNumberType.PhoneNumberTypeID on ROB-XPS should be less than 30 percent" name="These tests have an Identity Tag.usage for AdventureWorks2014.Person.PhoneNumberType.PhoneNumberTypeID on ROB-XPS should be less than 30 percent" time="0.0062" asserts="0" success="True" result="Success" executed="True" />
              <test-case description="usage for AdventureWorks2014.Production.Product.ProductID on ROB-XPS should be less than 30 percent" name="These tests have an Identity Tag.usage for AdventureWorks2014.Production.Product.ProductID on ROB-XPS should be less than 30 percent" time="0.0064" asserts="0" success="True" result="Success" executed="True" />
              <test-case description="usage for AdventureWorks2014.sys.queue_messages_1977058079.queuing_order on ROB-XPS should be less than 30 percent" name="These tests have an Identity Tag.usage for AdventureWorks2014.sys.queue_messages_1977058079.queuing_order on ROB-XPS should be less than 30 percent" time="0.0062" asserts="0" success="True" result="Success" executed="True" />
              <test-case description="usage for AdventureWorks2014.sys.queue_messages_2009058193.queuing_order on ROB-XPS should be less than 30 percent" name="These tests have an Identity Tag.usage for AdventureWorks2014.sys.queue_messages_2009058193.queuing_order on ROB-XPS should be less than 30 percent" time="0.0076" asserts="0" success="True" result="Success" executed="True" />
              <test-case description="usage for AdventureWorks2014.sys.queue_messages_2041058307.queuing_order on ROB-XPS should be less than 30 percent" name="These tests have an Identity Tag.usage for AdventureWorks2014.sys.queue_messages_2041058307.queuing_order on ROB-XPS should be less than 30 percent" time="0.0061" asserts="0" success="True" result="Success" executed="True" />
              <test-case description="usage for AdventureWorks2014_mrrob_SHADOW.Sales.Customer.CustomerID on ROB-XPS should be less than 30 percent" name="These tests have an Identity Tag.usage for AdventureWorks2014_mrrob_SHADOW.Sales.Customer.CustomerID on ROB-XPS should be less than 30 percent" time="0.0209" asserts="0" success="True" result="Success" executed="True" />
              <test-case description="usage for AdventureWorks2014_mrrob_SHADOW.sys.sqlagent_job_history.instance_id on ROB-XPS should be less than 30 percent" name="These tests have an Identity Tag.usage for AdventureWorks2014_mrrob_SHADOW.sys.sqlagent_job_history.instance_id on ROB-XPS should be less than 30 percent" time="0.007" asserts="0" success="True" result="Success" executed="True" />
              <test-case description="usage for AdventureWorks2014_mrrob_SHADOW.sys.sqlagent_jobsteps_logs.log_id on ROB-XPS should be less than 30 percent" name="These tests have an Identity Tag.usage for AdventureWorks2014_mrrob_SHADOW.sys.sqlagent_jobsteps_logs.log_id on ROB-XPS should be less than 30 percent" time="0.0065" asserts="0" success="True" result="Success" executed="True" />
              <test-case description="usage for AdventureWorks2014_mrrob_SHADOW.Purchasing.ShipMethod.ShipMethodID on ROB-XPS should be less than 30 percent" name="These tests have an Identity Tag.usage for AdventureWorks2014_mrrob_SHADOW.Purchasing.ShipMethod.ShipMethodID on ROB-XPS should be less than 30 percent" time="0.006" asserts="0" success="True" result="Success" executed="True" />
              <test-case description="usage for AdventureWorks2014_mrrob_SHADOW.Production.BillOfMaterials.BillOfMaterialsID on ROB-XPS should be less than 30 percent" name="These tests have an Identity Tag.usage for AdventureWorks2014_mrrob_SHADOW.Production.BillOfMaterials.BillOfMaterialsID on ROB-XPS should be less than 30 percent" time="0.0065" asserts="0" success="True" result="Success" executed="True" />
              <test-case description="usage for AdventureWorks2014_mrrob_SHADOW.Sales.ShoppingCartItem.ShoppingCartItemID on ROB-XPS should be less than 30 percent" name="These tests have an Identity Tag.usage for AdventureWorks2014_mrrob_SHADOW.Sales.ShoppingCartItem.ShoppingCartItemID on ROB-XPS should be less than 30 percent" time="0.007" asserts="0" success="True" result="Success" executed="True" />
              <test-case description="usage for AdventureWorks2014_mrrob_SHADOW.dbo.ErrorLog.ErrorLogID on ROB-XPS should be less than 30 percent" name="These tests have an Identity Tag.usage for AdventureWorks2014_mrrob_SHADOW.dbo.ErrorLog.ErrorLogID on ROB-XPS should be less than 30 percent" time="0.0063" asserts="0" success="True" result="Success" executed="True" />
              <test-case description="usage for AdventureWorks2014_mrrob_SHADOW.HumanResources.JobCandidate.JobCandidateID on ROB-XPS should be less than 30 percent" name="These tests have an Identity Tag.usage for AdventureWorks2014_mrrob_SHADOW.HumanResources.JobCandidate.JobCandidateID on ROB-XPS should be less than 30 percent" time="0.0064" asserts="0" success="True" result="Success" executed="True" />
              <test-case description="usage for AdventureWorks2014_mrrob_SHADOW.dbo.__MigrationLog.sequence_no on ROB-XPS should be less than 30 percent" name="These tests have an Identity Tag.usage for AdventureWorks2014_mrrob_SHADOW.dbo.__MigrationLog.sequence_no on ROB-XPS should be less than 30 percent" time="0.006" asserts="0" success="True" result="Success" executed="True" />
              <test-case description="usage for AdventureWorks2014_mrrob_SHADOW.Production.Product.ProductID on ROB-XPS should be less than 30 percent" name="These tests have an Identity Tag.usage for AdventureWorks2014_mrrob_SHADOW.Production.Product.ProductID on ROB-XPS should be less than 30 percent" time="0.005" asserts="0" success="True" result="Success" executed="True" />
              <test-case description="usage for AdventureWorks2014_mrrob_SHADOW.Person.PhoneNumberType.PhoneNumberTypeID on ROB-XPS should be less than 30 percent" name="These tests have an Identity Tag.usage for AdventureWorks2014_mrrob_SHADOW.Person.PhoneNumberType.PhoneNumberTypeID on ROB-XPS should be less than 30 percent" time="0.0053" asserts="0" success="True" result="Success" executed="True" />
              <test-case description="usage for AdventureWorks2014_mrrob_SHADOW.Person.EmailAddress.EmailAddressID on ROB-XPS should be less than 30 percent" name="These tests have an Identity Tag.usage for AdventureWorks2014_mrrob_SHADOW.Person.EmailAddress.EmailAddressID on ROB-XPS should be less than 30 percent" time="0.0053" asserts="0" success="True" result="Success" executed="True" />
              <test-case description="usage for AdventureWorks2014_mrrob_SHADOW.Person.ContactType.ContactTypeID on ROB-XPS should be less than 30 percent" name="These tests have an Identity Tag.usage for AdventureWorks2014_mrrob_SHADOW.Person.ContactType.ContactTypeID on ROB-XPS should be less than 30 percent" time="0.0054" asserts="0" success="True" result="Success" executed="True" />
              <test-case description="usage for AdventureWorks2014_mrrob_SHADOW.Person.StateProvince.StateProvinceID on ROB-XPS should be less than 30 percent" name="These tests have an Identity Tag.usage for AdventureWorks2014_mrrob_SHADOW.Person.StateProvince.StateProvinceID on ROB-XPS should be less than 30 percent" time="0.0079" asserts="0" success="True" result="Success" executed="True" />
              <test-case description="usage for AdventureWorks2014_mrrob_SHADOW.Person.AddressType.AddressTypeID on ROB-XPS should be less than 30 percent" name="These tests have an Identity Tag.usage for AdventureWorks2014_mrrob_SHADOW.Person.AddressType.AddressTypeID on ROB-XPS should be less than 30 percent" time="0.0189" asserts="0" success="True" result="Success" executed="True" />
              <test-case description="usage for AdventureWorks2014_mrrob_SHADOW.Person.Address.AddressID on ROB-XPS should be less than 30 percent" name="These tests have an Identity Tag.usage for AdventureWorks2014_mrrob_SHADOW.Person.Address.AddressID on ROB-XPS should be less than 30 percent" time="0.0061" asserts="0" success="True" result="Success" executed="True" />
              <test-case description="usage for AdventureWorks2014_mrrob_SHADOW.sys.queue_messages_1977058079.queuing_order on ROB-XPS should be less than 30 percent" name="These tests have an Identity Tag.usage for AdventureWorks2014_mrrob_SHADOW.sys.queue_messages_1977058079.queuing_order on ROB-XPS should be less than 30 percent" time="0.0054" asserts="0" success="True" result="Success" executed="True" />
              <test-case description="usage for AdventureWorks2014_mrrob_SHADOW.sys.queue_messages_2009058193.queuing_order on ROB-XPS should be less than 30 percent" name="These tests have an Identity Tag.usage for AdventureWorks2014_mrrob_SHADOW.sys.queue_messages_2009058193.queuing_order on ROB-XPS should be less than 30 percent" time="0.005" asserts="0" success="True" result="Success" executed="True" />
              <test-case description="usage for AdventureWorks2014_mrrob_SHADOW.sys.queue_messages_2041058307.queuing_order on ROB-XPS should be less than 30 percent" name="These tests have an Identity Tag.usage for AdventureWorks2014_mrrob_SHADOW.sys.queue_messages_2041058307.queuing_order on ROB-XPS should be less than 30 percent" time="0.0056" asserts="0" success="True" result="Success" executed="True" />
              <test-case description="usage for AutoGrowth.sys.sqlagent_job_history.instance_id on ROB-XPS should be less than 30 percent" name="These tests have an Identity Tag.usage for AutoGrowth.sys.sqlagent_job_history.instance_id on ROB-XPS should be less than 30 percent" time="0.0135" asserts="0" success="True" result="Success" executed="True" />
              <test-case description="usage for AutoGrowth.sys.sqlagent_jobsteps_logs.log_id on ROB-XPS should be less than 30 percent" name="These tests have an Identity Tag.usage for AutoGrowth.sys.sqlagent_jobsteps_logs.log_id on ROB-XPS should be less than 30 percent" time="0.0149" asserts="0" success="True" result="Success" executed="True" />
              <test-case description="usage for AutoGrowth.dbo.ToGrow.ID on ROB-XPS should be less than 30 percent" name="These tests have an Identity Tag.usage for AutoGrowth.dbo.ToGrow.ID on ROB-XPS should be less than 30 percent" time="0.013" asserts="0" success="True" result="Success" executed="True" />
              <test-case description="usage for AutoGrowth.sys.queue_messages_1977058079.queuing_order on ROB-XPS should be less than 30 percent" name="These tests have an Identity Tag.usage for AutoGrowth.sys.queue_messages_1977058079.queuing_order on ROB-XPS should be less than 30 percent" time="0.0047" asserts="0" success="True" result="Success" executed="True" />
              <test-case description="usage for AutoGrowth.sys.queue_messages_2009058193.queuing_order on ROB-XPS should be less than 30 percent" name="These tests have an Identity Tag.usage for AutoGrowth.sys.queue_messages_2009058193.queuing_order on ROB-XPS should be less than 30 percent" time="0.0156" asserts="0" success="True" result="Success" executed="True" />
              <test-case description="usage for AutoGrowth.sys.queue_messages_2041058307.queuing_order on ROB-XPS should be less than 30 percent" name="These tests have an Identity Tag.usage for AutoGrowth.sys.queue_messages_2041058307.queuing_order on ROB-XPS should be less than 30 percent" time="0.0188" asserts="0" success="True" result="Success" executed="True" />
              <test-case description="usage for BeardLive.sys.sqlagent_job_history.instance_id on ROB-XPS should be less than 30 percent" name="These tests have an Identity Tag.usage for BeardLive.sys.sqlagent_job_history.instance_id on ROB-XPS should be less than 30 percent" time="0.0066" asserts="0" success="True" result="Success" executed="True" />
              <test-case description="usage for BeardLive.sys.sqlagent_jobsteps_logs.log_id on ROB-XPS should be less than 30 percent" name="These tests have an Identity Tag.usage for BeardLive.sys.sqlagent_jobsteps_logs.log_id on ROB-XPS should be less than 30 percent" time="0.018" asserts="0" success="True" result="Success" executed="True" />
              <test-case description="usage for BeardLive.dbo.Customers.CustomerId on ROB-XPS should be less than 30 percent" name="These tests have an Identity Tag.usage for BeardLive.dbo.Customers.CustomerId on ROB-XPS should be less than 30 percent" time="0.019" asserts="0" success="True" result="Success" executed="True" />
              <test-case description="usage for BeardLive.dbo.Orders.OrdersId on ROB-XPS should be less than 30 percent" name="These tests have an Identity Tag.usage for BeardLive.dbo.Orders.OrdersId on ROB-XPS should be less than 30 percent" time="0.0064" asserts="0" success="True" result="Success" executed="True" />
              <test-case description="usage for BeardLive.sys.queue_messages_1977058079.queuing_order on ROB-XPS should be less than 30 percent" name="These tests have an Identity Tag.usage for BeardLive.sys.queue_messages_1977058079.queuing_order on ROB-XPS should be less than 30 percent" time="0.0168" asserts="0" success="True" result="Success" executed="True" />
              <test-case description="usage for BeardLive.sys.queue_messages_2009058193.queuing_order on ROB-XPS should be less than 30 percent" name="These tests have an Identity Tag.usage for BeardLive.sys.queue_messages_2009058193.queuing_order on ROB-XPS should be less than 30 percent" time="0.0158" asserts="0" success="True" result="Success" executed="True" />
              <test-case description="usage for BeardLive.sys.queue_messages_2041058307.queuing_order on ROB-XPS should be less than 30 percent" name="These tests have an Identity Tag.usage for BeardLive.sys.queue_messages_2041058307.queuing_order on ROB-XPS should be less than 30 percent" time="0.0063" asserts="0" success="True" result="Success" executed="True" />
              <test-case description="usage for BeardTest.sys.sqlagent_job_history.instance_id on ROB-XPS should be less than 30 percent" name="These tests have an Identity Tag.usage for BeardTest.sys.sqlagent_job_history.instance_id on ROB-XPS should be less than 30 percent" time="0.0178" asserts="0" success="True" result="Success" executed="True" />
              <test-case description="usage for BeardTest.sys.sqlagent_jobsteps_logs.log_id on ROB-XPS should be less than 30 percent" name="These tests have an Identity Tag.usage for BeardTest.sys.sqlagent_jobsteps_logs.log_id on ROB-XPS should be less than 30 percent" time="0.0182" asserts="0" success="True" result="Success" executed="True" />
              <test-case description="usage for BeardTest.dbo.Customers.CustomerId on ROB-XPS should be less than 30 percent" name="These tests have an Identity Tag.usage for BeardTest.dbo.Customers.CustomerId on ROB-XPS should be less than 30 percent" time="0.0069" asserts="0" success="True" result="Success" executed="True" />
              <test-case description="usage for BeardTest.dbo.Orders.OrdersId on ROB-XPS should be less than 30 percent" name="These tests have an Identity Tag.usage for BeardTest.dbo.Orders.OrdersId on ROB-XPS should be less than 30 percent" time="0.0176" asserts="0" success="True" result="Success" executed="True" />
              <test-case description="usage for BeardTest.sys.queue_messages_1977058079.queuing_order on ROB-XPS should be less than 30 percent" name="These tests have an Identity Tag.usage for BeardTest.sys.queue_messages_1977058079.queuing_order on ROB-XPS should be less than 30 percent" time="0.0188" asserts="0" success="True" result="Success" executed="True" />
              <test-case description="usage for BeardTest.sys.queue_messages_2009058193.queuing_order on ROB-XPS should be less than 30 percent" name="These tests have an Identity Tag.usage for BeardTest.sys.queue_messages_2009058193.queuing_order on ROB-XPS should be less than 30 percent" time="0.0191" asserts="0" success="True" result="Success" executed="True" />
              <test-case description="usage for BeardTest.sys.queue_messages_2041058307.queuing_order on ROB-XPS should be less than 30 percent" name="These tests have an Identity Tag.usage for BeardTest.sys.queue_messages_2041058307.queuing_order on ROB-XPS should be less than 30 percent" time="0.0061" asserts="0" success="True" result="Success" executed="True" />
              <test-case description="usage for database.sys.sqlagent_job_history.instance_id on ROB-XPS should be less than 30 percent" name="These tests have an Identity Tag.usage for database.sys.sqlagent_job_history.instance_id on ROB-XPS should be less than 30 percent" time="0.0187" asserts="0" success="True" result="Success" executed="True" />
              <test-case description="usage for database.sys.sqlagent_jobsteps_logs.log_id on ROB-XPS should be less than 30 percent" name="These tests have an Identity Tag.usage for database.sys.sqlagent_jobsteps_logs.log_id on ROB-XPS should be less than 30 percent" time="0.0175" asserts="0" success="True" result="Success" executed="True" />
              <test-case description="usage for database.dbo.__MigrationLog.sequence_no on ROB-XPS should be less than 30 percent" name="These tests have an Identity Tag.usage for database.dbo.__MigrationLog.sequence_no on ROB-XPS should be less than 30 percent" time="0.0168" asserts="0" success="True" result="Success" executed="True" />
              <test-case description="usage for database.dbo.Customers.CustomerID on ROB-XPS should be less than 30 percent" name="These tests have an Identity Tag.usage for database.dbo.Customers.CustomerID on ROB-XPS should be less than 30 percent" time="0.0066" asserts="0" success="True" result="Success" executed="True" />
              <test-case description="usage for database.dbo.Orders.OrdersID on ROB-XPS should be less than 30 percent" name="These tests have an Identity Tag.usage for database.dbo.Orders.OrdersID on ROB-XPS should be less than 30 percent" time="0.0172" asserts="0" success="True" result="Success" executed="True" />
              <test-case description="usage for database.sys.queue_messages_1977058079.queuing_order on ROB-XPS should be less than 30 percent" name="These tests have an Identity Tag.usage for database.sys.queue_messages_1977058079.queuing_order on ROB-XPS should be less than 30 percent" time="0.013" asserts="0" success="True" result="Success" executed="True" />
              <test-case description="usage for database.sys.queue_messages_2009058193.queuing_order on ROB-XPS should be less than 30 percent" name="These tests have an Identity Tag.usage for database.sys.queue_messages_2009058193.queuing_order on ROB-XPS should be less than 30 percent" time="0.0047" asserts="0" success="True" result="Success" executed="True" />
              <test-case description="usage for database.sys.queue_messages_2041058307.queuing_order on ROB-XPS should be less than 30 percent" name="These tests have an Identity Tag.usage for database.sys.queue_messages_2041058307.queuing_order on ROB-XPS should be less than 30 percent" time="0.0124" asserts="0" success="True" result="Success" executed="True" />
              <test-case description="usage for Database_mrrob_SHADOW.sys.sqlagent_job_history.instance_id on ROB-XPS should be less than 30 percent" name="These tests have an Identity Tag.usage for Database_mrrob_SHADOW.sys.sqlagent_job_history.instance_id on ROB-XPS should be less than 30 percent" time="0.0129" asserts="0" success="True" result="Success" executed="True" />
              <test-case description="usage for Database_mrrob_SHADOW.sys.sqlagent_jobsteps_logs.log_id on ROB-XPS should be less than 30 percent" name="These tests have an Identity Tag.usage for Database_mrrob_SHADOW.sys.sqlagent_jobsteps_logs.log_id on ROB-XPS should be less than 30 percent" time="0.0277" asserts="0" success="True" result="Success" executed="True" />
              <test-case description="usage for Database_mrrob_SHADOW.dbo.__MigrationLog.sequence_no on ROB-XPS should be less than 30 percent" name="These tests have an Identity Tag.usage for Database_mrrob_SHADOW.dbo.__MigrationLog.sequence_no on ROB-XPS should be less than 30 percent" time="0.0062" asserts="0" success="True" result="Success" executed="True" />
              <test-case description="usage for Database_mrrob_SHADOW.dbo.Customers.CustomerID on ROB-XPS should be less than 30 percent" name="These tests have an Identity Tag.usage for Database_mrrob_SHADOW.dbo.Customers.CustomerID on ROB-XPS should be less than 30 percent" time="0.0152" asserts="0" success="True" result="Success" executed="True" />
              <test-case description="usage for Database_mrrob_SHADOW.dbo.Orders.OrdersID on ROB-XPS should be less than 30 percent" name="These tests have an Identity Tag.usage for Database_mrrob_SHADOW.dbo.Orders.OrdersID on ROB-XPS should be less than 30 percent" time="0.0145" asserts="0" success="True" result="Success" executed="True" />
              <test-case description="usage for Database_mrrob_SHADOW.sys.queue_messages_1977058079.queuing_order on ROB-XPS should be less than 30 percent" name="These tests have an Identity Tag.usage for Database_mrrob_SHADOW.sys.queue_messages_1977058079.queuing_order on ROB-XPS should be less than 30 percent" time="0.0119" asserts="0" success="True" result="Success" executed="True" />
              <test-case description="usage for Database_mrrob_SHADOW.sys.queue_messages_2009058193.queuing_order on ROB-XPS should be less than 30 percent" name="These tests have an Identity Tag.usage for Database_mrrob_SHADOW.sys.queue_messages_2009058193.queuing_order on ROB-XPS should be less than 30 percent" time="0.0176" asserts="0" success="True" result="Success" executed="True" />
              <test-case description="usage for Database_mrrob_SHADOW.sys.queue_messages_2041058307.queuing_order on ROB-XPS should be less than 30 percent" name="These tests have an Identity Tag.usage for Database_mrrob_SHADOW.sys.queue_messages_2041058307.queuing_order on ROB-XPS should be less than 30 percent" time="0.0173" asserts="0" success="True" result="Success" executed="True" />
              <test-case description="usage for DBA-Admin.sys.sqlagent_job_history.instance_id on ROB-XPS should be less than 30 percent" name="These tests have an Identity Tag.usage for DBA-Admin.sys.sqlagent_job_history.instance_id on ROB-XPS should be less than 30 percent" time="0.0057" asserts="0" success="True" result="Success" executed="True" />
              <test-case description="usage for DBA-Admin.sys.sqlagent_jobsteps_logs.log_id on ROB-XPS should be less than 30 percent" name="These tests have an Identity Tag.usage for DBA-Admin.sys.sqlagent_jobsteps_logs.log_id on ROB-XPS should be less than 30 percent" time="0.0142" asserts="0" success="True" result="Success" executed="True" />
              <test-case description="usage for DBA-Admin.dbo.SP_BlitzResults_20180122.ID on ROB-XPS should be less than 30 percent" name="These tests have an Identity Tag.usage for DBA-Admin.dbo.SP_BlitzResults_20180122.ID on ROB-XPS should be less than 30 percent" time="0.0146" asserts="0" success="True" result="Success" executed="True" />
              <test-case description="usage for DBA-Admin.dbo.CommandLog.ID on ROB-XPS should be less than 30 percent" name="These tests have an Identity Tag.usage for DBA-Admin.dbo.CommandLog.ID on ROB-XPS should be less than 30 percent" time="0.0059" asserts="0" success="True" result="Success" executed="True" />
              <test-case description="usage for DBA-Admin.sys.queue_messages_1977058079.queuing_order on ROB-XPS should be less than 30 percent" name="These tests have an Identity Tag.usage for DBA-Admin.sys.queue_messages_1977058079.queuing_order on ROB-XPS should be less than 30 percent" time="0.0268" asserts="0" success="True" result="Success" executed="True" />
              <test-case description="usage for DBA-Admin.sys.queue_messages_2009058193.queuing_order on ROB-XPS should be less than 30 percent" name="These tests have an Identity Tag.usage for DBA-Admin.sys.queue_messages_2009058193.queuing_order on ROB-XPS should be less than 30 percent" time="0.0442" asserts="0" success="True" result="Success" executed="True" />
              <test-case description="usage for DBA-Admin.sys.queue_messages_2041058307.queuing_order on ROB-XPS should be less than 30 percent" name="These tests have an Identity Tag.usage for DBA-Admin.sys.queue_messages_2041058307.queuing_order on ROB-XPS should be less than 30 percent" time="0.049" asserts="0" success="True" result="Success" executed="True" />
              <test-case description="usage for dbatoolsBestPractices_SQL1.sys.sqlagent_job_history.instance_id on ROB-XPS should be less than 30 percent" name="These tests have an Identity Tag.usage for dbatoolsBestPractices_SQL1.sys.sqlagent_job_history.instance_id on ROB-XPS should be less than 30 percent" time="0.0265" asserts="0" success="True" result="Success" executed="True" />
              <test-case description="usage for dbatoolsBestPractices_SQL1.sys.sqlagent_jobsteps_logs.log_id on ROB-XPS should be less than 30 percent" name="These tests have an Identity Tag.usage for dbatoolsBestPractices_SQL1.sys.sqlagent_jobsteps_logs.log_id on ROB-XPS should be less than 30 percent" time="0.0351" asserts="0" success="True" result="Success" executed="True" />
              <test-case description="usage for dbatoolsBestPractices_SQL1.sys.queue_messages_1977058079.queuing_order on ROB-XPS should be less than 30 percent" name="These tests have an Identity Tag.usage for dbatoolsBestPractices_SQL1.sys.queue_messages_1977058079.queuing_order on ROB-XPS should be less than 30 percent" time="0.0171" asserts="0" success="True" result="Success" executed="True" />
              <test-case description="usage for dbatoolsBestPractices_SQL1.sys.queue_messages_2009058193.queuing_order on ROB-XPS should be less than 30 percent" name="These tests have an Identity Tag.usage for dbatoolsBestPractices_SQL1.sys.queue_messages_2009058193.queuing_order on ROB-XPS should be less than 30 percent" time="0.0142" asserts="0" success="True" result="Success" executed="True" />
              <test-case description="usage for dbatoolsBestPractices_SQL1.sys.queue_messages_2041058307.queuing_order on ROB-XPS should be less than 30 percent" name="These tests have an Identity Tag.usage for dbatoolsBestPractices_SQL1.sys.queue_messages_2041058307.queuing_order on ROB-XPS should be less than 30 percent" time="0.0047" asserts="0" success="True" result="Success" executed="True" />
              <test-case description="usage for dbatoolsBestPractices_SQL2.sys.sqlagent_job_history.instance_id on ROB-XPS should be less than 30 percent" name="These tests have an Identity Tag.usage for dbatoolsBestPractices_SQL2.sys.sqlagent_job_history.instance_id on ROB-XPS should be less than 30 percent" time="0.0162" asserts="0" success="True" result="Success" executed="True" />
              <test-case description="usage for dbatoolsBestPractices_SQL2.sys.sqlagent_jobsteps_logs.log_id on ROB-XPS should be less than 30 percent" name="These tests have an Identity Tag.usage for dbatoolsBestPractices_SQL2.sys.sqlagent_jobsteps_logs.log_id on ROB-XPS should be less than 30 percent" time="0.0061" asserts="0" success="True" result="Success" executed="True" />
              <test-case description="usage for dbatoolsBestPractices_SQL2.sys.queue_messages_1977058079.queuing_order on ROB-XPS should be less than 30 percent" name="These tests have an Identity Tag.usage for dbatoolsBestPractices_SQL2.sys.queue_messages_1977058079.queuing_order on ROB-XPS should be less than 30 percent" time="0.0175" asserts="0" success="True" result="Success" executed="True" />
              <test-case description="usage for dbatoolsBestPractices_SQL2.sys.queue_messages_2009058193.queuing_order on ROB-XPS should be less than 30 percent" name="These tests have an Identity Tag.usage for dbatoolsBestPractices_SQL2.sys.queue_messages_2009058193.queuing_order on ROB-XPS should be less than 30 percent" time="0.0125" asserts="0" success="True" result="Success" executed="True" />
              <test-case description="usage for dbatoolsBestPractices_SQL2.sys.queue_messages_2041058307.queuing_order on ROB-XPS should be less than 30 percent" name="These tests have an Identity Tag.usage for dbatoolsBestPractices_SQL2.sys.queue_messages_2041058307.queuing_order on ROB-XPS should be less than 30 percent" time="0.0047" asserts="0" success="True" result="Success" executed="True" />
              <test-case description="usage for DBAutomation.sys.sqlagent_job_history.instance_id on ROB-XPS should be less than 30 percent" name="These tests have an Identity Tag.usage for DBAutomation.sys.sqlagent_job_history.instance_id on ROB-XPS should be less than 30 percent" time="0.0124" asserts="0" success="True" result="Success" executed="True" />
              <test-case description="usage for DBAutomation.sys.sqlagent_jobsteps_logs.log_id on ROB-XPS should be less than 30 percent" name="These tests have an Identity Tag.usage for DBAutomation.sys.sqlagent_jobsteps_logs.log_id on ROB-XPS should be less than 30 percent" time="0.0143" asserts="0" success="True" result="Success" executed="True" />
              <test-case description="usage for DBAutomation.dbo.sysdiagrams.diagram_id on ROB-XPS should be less than 30 percent" name="These tests have an Identity Tag.usage for DBAutomation.dbo.sysdiagrams.diagram_id on ROB-XPS should be less than 30 percent" time="0.0044" asserts="0" success="True" result="Success" executed="True" />
              <test-case description="usage for DBAutomation.sys.queue_messages_1977058079.queuing_order on ROB-XPS should be less than 30 percent" name="These tests have an Identity Tag.usage for DBAutomation.sys.queue_messages_1977058079.queuing_order on ROB-XPS should be less than 30 percent" time="0.0127" asserts="0" success="True" result="Success" executed="True" />
              <test-case description="usage for DBAutomation.sys.queue_messages_2009058193.queuing_order on ROB-XPS should be less than 30 percent" name="These tests have an Identity Tag.usage for DBAutomation.sys.queue_messages_2009058193.queuing_order on ROB-XPS should be less than 30 percent" time="0.0128" asserts="0" success="True" result="Success" executed="True" />
              <test-case description="usage for DBAutomation.sys.queue_messages_2041058307.queuing_order on ROB-XPS should be less than 30 percent" name="These tests have an Identity Tag.usage for DBAutomation.sys.queue_messages_2041058307.queuing_order on ROB-XPS should be less than 30 percent" time="0.0045" asserts="0" success="True" result="Success" executed="True" />
              <test-case description="usage for DEMOdbareports.sys.sqlagent_job_history.instance_id on ROB-XPS should be less than 30 percent" name="These tests have an Identity Tag.usage for DEMOdbareports.sys.sqlagent_job_history.instance_id on ROB-XPS should be less than 30 percent" time="0.0125" asserts="0" success="True" result="Success" executed="True" />
              <test-case description="usage for DEMOdbareports.sys.sqlagent_jobsteps_logs.log_id on ROB-XPS should be less than 30 percent" name="These tests have an Identity Tag.usage for DEMOdbareports.sys.sqlagent_jobsteps_logs.log_id on ROB-XPS should be less than 30 percent" time="0.0123" asserts="0" success="True" result="Success" executed="True" />
              <test-case description="usage for DEMOdbareports.sys.queue_messages_1977058079.queuing_order on ROB-XPS should be less than 30 percent" name="These tests have an Identity Tag.usage for DEMOdbareports.sys.queue_messages_1977058079.queuing_order on ROB-XPS should be less than 30 percent" time="0.0049" asserts="0" success="True" result="Success" executed="True" />
              <test-case description="usage for DEMOdbareports.sys.queue_messages_2009058193.queuing_order on ROB-XPS should be less than 30 percent" name="These tests have an Identity Tag.usage for DEMOdbareports.sys.queue_messages_2009058193.queuing_order on ROB-XPS should be less than 30 percent" time="0.0128" asserts="0" success="True" result="Success" executed="True" />
              <test-case description="usage for DEMOdbareports.sys.queue_messages_2041058307.queuing_order on ROB-XPS should be less than 30 percent" name="These tests have an Identity Tag.usage for DEMOdbareports.sys.queue_messages_2041058307.queuing_order on ROB-XPS should be less than 30 percent" time="0.013" asserts="0" success="True" result="Success" executed="True" />
              <test-case description="usage for graphdemo.sys.sqlagent_job_history.instance_id on ROB-XPS should be less than 30 percent" name="These tests have an Identity Tag.usage for graphdemo.sys.sqlagent_job_history.instance_id on ROB-XPS should be less than 30 percent" time="0.0158" asserts="0" success="True" result="Success" executed="True" />
              <test-case description="usage for graphdemo.sys.sqlagent_jobsteps_logs.log_id on ROB-XPS should be less than 30 percent" name="These tests have an Identity Tag.usage for graphdemo.sys.sqlagent_jobsteps_logs.log_id on ROB-XPS should be less than 30 percent" time="0.005" asserts="0" success="True" result="Success" executed="True" />
              <test-case description="usage for graphdemo.sys.queue_messages_1977058079.queuing_order on ROB-XPS should be less than 30 percent" name="These tests have an Identity Tag.usage for graphdemo.sys.queue_messages_1977058079.queuing_order on ROB-XPS should be less than 30 percent" time="0.0143" asserts="0" success="True" result="Success" executed="True" />
              <test-case description="usage for graphdemo.sys.queue_messages_2009058193.queuing_order on ROB-XPS should be less than 30 percent" name="These tests have an Identity Tag.usage for graphdemo.sys.queue_messages_2009058193.queuing_order on ROB-XPS should be less than 30 percent" time="0.0164" asserts="0" success="True" result="Success" executed="True" />
              <test-case description="usage for graphdemo.sys.queue_messages_2041058307.queuing_order on ROB-XPS should be less than 30 percent" name="These tests have an Identity Tag.usage for graphdemo.sys.queue_messages_2041058307.queuing_order on ROB-XPS should be less than 30 percent" time="0.0057" asserts="0" success="True" result="Success" executed="True" />
              <test-case description="usage for master.sys.queue_messages_1003150619.queuing_order on ROB-XPS should be less than 30 percent" name="These tests have an Identity Tag.usage for master.sys.queue_messages_1003150619.queuing_order on ROB-XPS should be less than 30 percent" time="0.0141" asserts="0" success="True" result="Success" executed="True" />
              <test-case description="usage for master.sys.queue_messages_1035150733.queuing_order on ROB-XPS should be less than 30 percent" name="These tests have an Identity Tag.usage for master.sys.queue_messages_1035150733.queuing_order on ROB-XPS should be less than 30 percent" time="0.0168" asserts="0" success="True" result="Success" executed="True" />
              <test-case description="usage for master.sys.queue_messages_1067150847.queuing_order on ROB-XPS should be less than 30 percent" name="These tests have an Identity Tag.usage for master.sys.queue_messages_1067150847.queuing_order on ROB-XPS should be less than 30 percent" time="0.0147" asserts="0" success="True" result="Success" executed="True" />
              <test-case description="usage for master.sys.sqlagent_job_history.instance_id on ROB-XPS should be less than 30 percent" name="These tests have an Identity Tag.usage for master.sys.sqlagent_job_history.instance_id on ROB-XPS should be less than 30 percent" time="0.0052" asserts="0" success="True" result="Success" executed="True" />
              <test-case description="usage for master.sys.sqlagent_jobsteps_logs.log_id on ROB-XPS should be less than 30 percent" name="These tests have an Identity Tag.usage for master.sys.sqlagent_jobsteps_logs.log_id on ROB-XPS should be less than 30 percent" time="0.015" asserts="0" success="True" result="Success" executed="True" />
              <test-case description="usage for model.sys.sqlagent_job_history.instance_id on ROB-XPS should be less than 30 percent" name="These tests have an Identity Tag.usage for model.sys.sqlagent_job_history.instance_id on ROB-XPS should be less than 30 percent" time="0.0045" asserts="0" success="True" result="Success" executed="True" />
              <test-case description="usage for model.sys.sqlagent_jobsteps_logs.log_id on ROB-XPS should be less than 30 percent" name="These tests have an Identity Tag.usage for model.sys.sqlagent_jobsteps_logs.log_id on ROB-XPS should be less than 30 percent" time="0.0167" asserts="0" success="True" result="Success" executed="True" />
              <test-case description="usage for model.sys.queue_messages_1977058079.queuing_order on ROB-XPS should be less than 30 percent" name="These tests have an Identity Tag.usage for model.sys.queue_messages_1977058079.queuing_order on ROB-XPS should be less than 30 percent" time="0.0162" asserts="0" success="True" result="Success" executed="True" />
              <test-case description="usage for model.sys.queue_messages_2009058193.queuing_order on ROB-XPS should be less than 30 percent" name="These tests have an Identity Tag.usage for model.sys.queue_messages_2009058193.queuing_order on ROB-XPS should be less than 30 percent" time="0.0172" asserts="0" success="True" result="Success" executed="True" />
              <test-case description="usage for model.sys.queue_messages_2041058307.queuing_order on ROB-XPS should be less than 30 percent" name="These tests have an Identity Tag.usage for model.sys.queue_messages_2041058307.queuing_order on ROB-XPS should be less than 30 percent" time="0.0061" asserts="0" success="True" result="Success" executed="True" />
              <test-case description="usage for msdb.dbo.systaskids.task_id on ROB-XPS should be less than 30 percent" name="These tests have an Identity Tag.usage for msdb.dbo.systaskids.task_id on ROB-XPS should be less than 30 percent" time="0.0172" asserts="0" success="True" result="Success" executed="True" />
              <test-case description="usage for msdb.dbo.MSdbms_datatype_mapping.datatype_mapping_id on ROB-XPS should be less than 30 percent" name="These tests have an Identity Tag.usage for msdb.dbo.MSdbms_datatype_mapping.datatype_mapping_id on ROB-XPS should be less than 30 percent" time="0.0181" asserts="0" success="True" result="Success" executed="True" />
              <test-case description="usage for msdb.dbo.syspolicy_system_health_state_internal.health_state_id on ROB-XPS should be less than 30 percent" name="These tests have an Identity Tag.usage for msdb.dbo.syspolicy_system_health_state_internal.health_state_id on ROB-XPS should be less than 30 percent" time="0.0067" asserts="0" success="True" result="Success" executed="True" />
              <test-case description="usage for msdb.dbo.syspolicy_policy_execution_history_internal.history_id on ROB-XPS should be less than 30 percent" name="These tests have an Identity Tag.usage for msdb.dbo.syspolicy_policy_execution_history_internal.history_id on ROB-XPS should be less than 30 percent" time="0.0187" asserts="0" success="True" result="Success" executed="True" />
              <test-case description="usage for msdb.sys.sqlagent_job_history.instance_id on ROB-XPS should be less than 30 percent" name="These tests have an Identity Tag.usage for msdb.sys.sqlagent_job_history.instance_id on ROB-XPS should be less than 30 percent" time="0.024" asserts="0" success="True" result="Success" executed="True" />
              <test-case description="usage for msdb.sys.sqlagent_jobsteps_logs.log_id on ROB-XPS should be less than 30 percent" name="These tests have an Identity Tag.usage for msdb.sys.sqlagent_jobsteps_logs.log_id on ROB-XPS should be less than 30 percent" time="0.0175" asserts="0" success="True" result="Success" executed="True" />
              <test-case description="usage for msdb.dbo.sysmanagement_shared_server_groups_internal.server_group_id on ROB-XPS should be less than 30 percent" name="These tests have an Identity Tag.usage for msdb.dbo.sysmanagement_shared_server_groups_internal.server_group_id on ROB-XPS should be less than 30 percent" time="0.007" asserts="0" success="True" result="Success" executed="True" />
              <test-case description="usage for msdb.dbo.syspolicy_policy_execution_history_details_internal.detail_id on ROB-XPS should be less than 30 percent" name="These tests have an Identity Tag.usage for msdb.dbo.syspolicy_policy_execution_history_details_internal.detail_id on ROB-XPS should be less than 30 percent" time="0.0155" asserts="0" success="True" result="Success" executed="True" />
              <test-case description="usage for msdb.dbo.sysmanagement_shared_registered_servers_internal.server_id on ROB-XPS should be less than 30 percent" name="These tests have an Identity Tag.usage for msdb.dbo.sysmanagement_shared_registered_servers_internal.server_id on ROB-XPS should be less than 30 percent" time="0.0066" asserts="0" success="True" result="Success" executed="True" />
              <test-case description="usage for msdb.dbo.sysssislog.id on ROB-XPS should be less than 30 percent" name="These tests have an Identity Tag.usage for msdb.dbo.sysssislog.id on ROB-XPS should be less than 30 percent" time="0.018" asserts="0" success="True" result="Success" executed="True" />
              <test-case description="usage for msdb.dbo.syspolicy_management_facets.management_facet_id on ROB-XPS should be less than 30 percent" name="These tests have an Identity Tag.usage for msdb.dbo.syspolicy_management_facets.management_facet_id on ROB-XPS should be less than 30 percent" time="0.0172" asserts="0" success="True" result="Success" executed="True" />
              <test-case description="usage for msdb.dbo.msdb_version.id on ROB-XPS should be less than 30 percent" name="These tests have an Identity Tag.usage for msdb.dbo.msdb_version.id on ROB-XPS should be less than 30 percent" time="0.0181" asserts="0" success="True" result="Success" executed="True" />
              <test-case description="usage for msdb.dbo.sysmail_profile.profile_id on ROB-XPS should be less than 30 percent" name="These tests have an Identity Tag.usage for msdb.dbo.sysmail_profile.profile_id on ROB-XPS should be less than 30 percent" time="0.0066" asserts="0" success="True" result="Success" executed="True" />
              <test-case description="usage for msdb.dbo.syspolicy_conditions_internal.condition_id on ROB-XPS should be less than 30 percent" name="These tests have an Identity Tag.usage for msdb.dbo.syspolicy_conditions_internal.condition_id on ROB-XPS should be less than 30 percent" time="0.0176" asserts="0" success="True" result="Success" executed="True" />
              <test-case description="usage for msdb.dbo.sysutility_ucp_managed_instances_internal.instance_id on ROB-XPS should be less than 30 percent" name="These tests have an Identity Tag.usage for msdb.dbo.sysutility_ucp_managed_instances_internal.instance_id on ROB-XPS should be less than 30 percent" time="0.0177" asserts="0" success="True" result="Success" executed="True" />
              <test-case description="usage for msdb.dbo.sysmail_account.account_id on ROB-XPS should be less than 30 percent" name="These tests have an Identity Tag.usage for msdb.dbo.sysmail_account.account_id on ROB-XPS should be less than 30 percent" time="0.0046" asserts="0" success="True" result="Success" executed="True" />
              <test-case description="usage for msdb.dbo.syscollector_collection_sets_internal.collection_set_id on ROB-XPS should be less than 30 percent" name="These tests have an Identity Tag.usage for msdb.dbo.syscollector_collection_sets_internal.collection_set_id on ROB-XPS should be less than 30 percent" time="0.0136" asserts="0" success="True" result="Success" executed="True" />
              <test-case description="usage for msdb.dbo.syspolicy_policy_categories_internal.policy_category_id on ROB-XPS should be less than 30 percent" name="These tests have an Identity Tag.usage for msdb.dbo.syspolicy_policy_categories_internal.policy_category_id on ROB-XPS should be less than 30 percent" time="0.0126" asserts="0" success="True" result="Success" executed="True" />
              <test-case description="usage for msdb.dbo.syspolicy_object_sets_internal.object_set_id on ROB-XPS should be less than 30 percent" name="These tests have an Identity Tag.usage for msdb.dbo.syspolicy_object_sets_internal.object_set_id on ROB-XPS should be less than 30 percent" time="0.013" asserts="0" success="True" result="Success" executed="True" />
              <test-case description="usage for msdb.dbo.sysutility_ucp_health_policies_internal.health_policy_id on ROB-XPS should be less than 30 percent" name="These tests have an Identity Tag.usage for msdb.dbo.sysutility_ucp_health_policies_internal.health_policy_id on ROB-XPS should be less than 30 percent" time="0.0044" asserts="0" success="True" result="Success" executed="True" />
              <test-case description="usage for msdb.dbo.syspolicy_policies_internal.policy_id on ROB-XPS should be less than 30 percent" name="These tests have an Identity Tag.usage for msdb.dbo.syspolicy_policies_internal.policy_id on ROB-XPS should be less than 30 percent" time="0.014" asserts="0" success="True" result="Success" executed="True" />
              <test-case description="usage for msdb.sys.queue_messages_1186155321.queuing_order on ROB-XPS should be less than 30 percent" name="These tests have an Identity Tag.usage for msdb.sys.queue_messages_1186155321.queuing_order on ROB-XPS should be less than 30 percent" time="0.014" asserts="0" success="True" result="Success" executed="True" />
              <test-case description="usage for msdb.dbo.sysmail_mailitems.mailitem_id on ROB-XPS should be less than 30 percent" name="These tests have an Identity Tag.usage for msdb.dbo.sysmail_mailitems.mailitem_id on ROB-XPS should be less than 30 percent" time="0.0044" asserts="0" success="True" result="Success" executed="True" />
              <test-case description="usage for msdb.dbo.sysproxies.proxy_id on ROB-XPS should be less than 30 percent" name="These tests have an Identity Tag.usage for msdb.dbo.sysproxies.proxy_id on ROB-XPS should be less than 30 percent" time="0.0129" asserts="0" success="True" result="Success" executed="True" />
              <test-case description="usage for msdb.dbo.syscollector_collection_items_internal.collection_item_id on ROB-XPS should be less than 30 percent" name="These tests have an Identity Tag.usage for msdb.dbo.syscollector_collection_items_internal.collection_item_id on ROB-XPS should be less than 30 percent" time="0.0045" asserts="0" success="True" result="Success" executed="True" />
              <test-case description="usage for msdb.dbo.sysdbmaintplan_history.sequence_id on ROB-XPS should be less than 30 percent" name="These tests have an Identity Tag.usage for msdb.dbo.sysdbmaintplan_history.sequence_id on ROB-XPS should be less than 30 percent" time="0.0128" asserts="0" success="True" result="Success" executed="True" />
              <test-case description="usage for msdb.dbo.sysdownloadlist.instance_id on ROB-XPS should be less than 30 percent" name="These tests have an Identity Tag.usage for msdb.dbo.sysdownloadlist.instance_id on ROB-XPS should be less than 30 percent" time="0.0186" asserts="0" success="True" result="Success" executed="True" />
              <test-case description="usage for msdb.dbo.sysjobhistory.instance_id on ROB-XPS should be less than 30 percent" name="These tests have an Identity Tag.usage for msdb.dbo.sysjobhistory.instance_id on ROB-XPS should be less than 30 percent" time="0.0059" asserts="0" success="True" result="Success" executed="True" />
              <test-case description="usage for msdb.dbo.autoadmin_task_agents.Id on ROB-XPS should be less than 30 percent" name="These tests have an Identity Tag.usage for msdb.dbo.autoadmin_task_agents.Id on ROB-XPS should be less than 30 percent" time="0.014" asserts="0" success="True" result="Success" executed="True" />
              <test-case description="usage for msdb.dbo.sysmail_attachments.attachment_id on ROB-XPS should be less than 30 percent" name="These tests have an Identity Tag.usage for msdb.dbo.sysmail_attachments.attachment_id on ROB-XPS should be less than 30 percent" time="0.0128" asserts="0" success="True" result="Success" executed="True" />
              <test-case description="usage for msdb.dbo.autoadmin_managed_databases.autoadmin_id on ROB-XPS should be less than 30 percent" name="These tests have an Identity Tag.usage for msdb.dbo.autoadmin_managed_databases.autoadmin_id on ROB-XPS should be less than 30 percent" time="0.0046" asserts="0" success="True" result="Success" executed="True" />
              <test-case description="usage for msdb.dbo.backupmediaset.media_set_id on ROB-XPS should be less than 30 percent" name="These tests have an Identity Tag.usage for msdb.dbo.backupmediaset.media_set_id on ROB-XPS should be less than 30 percent" time="0.0129" asserts="0" success="True" result="Success" executed="True" />
              <test-case description="usage for msdb.dbo.syssessions.session_id on ROB-XPS should be less than 30 percent" name="These tests have an Identity Tag.usage for msdb.dbo.syssessions.session_id on ROB-XPS should be less than 30 percent" time="0.0144" asserts="0" success="True" result="Success" executed="True" />
              <test-case description="usage for msdb.dbo.syscollector_execution_log_internal.log_id on ROB-XPS should be less than 30 percent" name="These tests have an Identity Tag.usage for msdb.dbo.syscollector_execution_log_internal.log_id on ROB-XPS should be less than 30 percent" time="0.0057" asserts="0" success="True" result="Success" executed="True" />
              <test-case description="usage for msdb.dbo.backupset.backup_set_id on ROB-XPS should be less than 30 percent" name="These tests have an Identity Tag.usage for msdb.dbo.backupset.backup_set_id on ROB-XPS should be less than 30 percent" time="0.0134" asserts="0" success="True" result="Success" executed="True" />
              <test-case description="usage for msdb.dbo.sysmail_log.log_id on ROB-XPS should be less than 30 percent" name="These tests have an Identity Tag.usage for msdb.dbo.sysmail_log.log_id on ROB-XPS should be less than 30 percent" time="0.0131" asserts="0" success="True" result="Success" executed="True" />
              <test-case description="usage for msdb.dbo.sysjobstepslogs.log_id on ROB-XPS should be less than 30 percent" name="These tests have an Identity Tag.usage for msdb.dbo.sysjobstepslogs.log_id on ROB-XPS should be less than 30 percent" time="0.0127" asserts="0" success="True" result="Success" executed="True" />
              <test-case description="usage for msdb.dbo.syspolicy_target_sets_internal.target_set_id on ROB-XPS should be less than 30 percent" name="These tests have an Identity Tag.usage for msdb.dbo.syspolicy_target_sets_internal.target_set_id on ROB-XPS should be less than 30 percent" time="0.0044" asserts="0" success="True" result="Success" executed="True" />
              <test-case description="usage for msdb.dbo.sysschedules.schedule_id on ROB-XPS should be less than 30 percent" name="These tests have an Identity Tag.usage for msdb.dbo.sysschedules.schedule_id on ROB-XPS should be less than 30 percent" time="0.013" asserts="0" success="True" result="Success" executed="True" />
              <test-case description="usage for msdb.dbo.restorehistory.restore_history_id on ROB-XPS should be less than 30 percent" name="These tests have an Identity Tag.usage for msdb.dbo.restorehistory.restore_history_id on ROB-XPS should be less than 30 percent" time="0.0044" asserts="0" success="True" result="Success" executed="True" />
              <test-case description="usage for msdb.dbo.syspolicy_target_set_levels_internal.target_set_level_id on ROB-XPS should be less than 30 percent" name="These tests have an Identity Tag.usage for msdb.dbo.syspolicy_target_set_levels_internal.target_set_level_id on ROB-XPS should be less than 30 percent" time="0.0123" asserts="0" success="True" result="Success" executed="True" />
              <test-case description="usage for msdb.dbo.sysmail_attachments_transfer.transfer_id on ROB-XPS should be less than 30 percent" name="These tests have an Identity Tag.usage for msdb.dbo.sysmail_attachments_transfer.transfer_id on ROB-XPS should be less than 30 percent" time="0.0128" asserts="0" success="True" result="Success" executed="True" />
              <test-case description="usage for msdb.dbo.sysutility_ucp_dacs_stub.dac_id on ROB-XPS should be less than 30 percent" name="These tests have an Identity Tag.usage for msdb.dbo.sysutility_ucp_dacs_stub.dac_id on ROB-XPS should be less than 30 percent" time="0.0045" asserts="0" success="True" result="Success" executed="True" />
              <test-case description="usage for msdb.dbo.sysutility_ucp_volumes_stub.ID on ROB-XPS should be less than 30 percent" name="These tests have an Identity Tag.usage for msdb.dbo.sysutility_ucp_volumes_stub.ID on ROB-XPS should be less than 30 percent" time="0.0126" asserts="0" success="True" result="Success" executed="True" />
              <test-case description="usage for msdb.dbo.MSdbms.dbms_id on ROB-XPS should be less than 30 percent" name="These tests have an Identity Tag.usage for msdb.dbo.MSdbms.dbms_id on ROB-XPS should be less than 30 percent" time="0.0125" asserts="0" success="True" result="Success" executed="True" />
              <test-case description="usage for msdb.dbo.sysutility_ucp_computers_stub.id on ROB-XPS should be less than 30 percent" name="These tests have an Identity Tag.usage for msdb.dbo.sysutility_ucp_computers_stub.id on ROB-XPS should be less than 30 percent" time="0.0058" asserts="0" success="True" result="Success" executed="True" />
              <test-case description="usage for msdb.dbo.MSdbms_datatype.datatype_id on ROB-XPS should be less than 30 percent" name="These tests have an Identity Tag.usage for msdb.dbo.MSdbms_datatype.datatype_id on ROB-XPS should be less than 30 percent" time="0.0181" asserts="0" success="True" result="Success" executed="True" />
              <test-case description="usage for msdb.dbo.MSdbms_map.map_id on ROB-XPS should be less than 30 percent" name="These tests have an Identity Tag.usage for msdb.dbo.MSdbms_map.map_id on ROB-XPS should be less than 30 percent" time="0.0172" asserts="0" success="True" result="Success" executed="True" />
              <test-case description="usage for msdb.sys.queue_messages_1977058079.queuing_order on ROB-XPS should be less than 30 percent" name="These tests have an Identity Tag.usage for msdb.sys.queue_messages_1977058079.queuing_order on ROB-XPS should be less than 30 percent" time="0.0056" asserts="0" success="True" result="Success" executed="True" />
              <test-case description="usage for msdb.dbo.syscategories.category_id on ROB-XPS should be less than 30 percent" name="These tests have an Identity Tag.usage for msdb.dbo.syscategories.category_id on ROB-XPS should be less than 30 percent" time="0.0162" asserts="0" success="True" result="Success" executed="True" />
              <test-case description="usage for msdb.dbo.systargetservers.server_id on ROB-XPS should be less than 30 percent" name="These tests have an Identity Tag.usage for msdb.dbo.systargetservers.server_id on ROB-XPS should be less than 30 percent" time="0.0043" asserts="0" success="True" result="Success" executed="True" />
              <test-case description="usage for msdb.sys.queue_messages_2009058193.queuing_order on ROB-XPS should be less than 30 percent" name="These tests have an Identity Tag.usage for msdb.sys.queue_messages_2009058193.queuing_order on ROB-XPS should be less than 30 percent" time="0.0126" asserts="0" success="True" result="Success" executed="True" />
              <test-case description="usage for msdb.dbo.log_shipping_primaries.primary_id on ROB-XPS should be less than 30 percent" name="These tests have an Identity Tag.usage for msdb.dbo.log_shipping_primaries.primary_id on ROB-XPS should be less than 30 percent" time="0.0124" asserts="0" success="True" result="Success" executed="True" />
              <test-case description="usage for msdb.dbo.systargetservergroups.servergroup_id on ROB-XPS should be less than 30 percent" name="These tests have an Identity Tag.usage for msdb.dbo.systargetservergroups.servergroup_id on ROB-XPS should be less than 30 percent" time="0.0045" asserts="0" success="True" result="Success" executed="True" />
              <test-case description="usage for msdb.sys.queue_messages_2041058307.queuing_order on ROB-XPS should be less than 30 percent" name="These tests have an Identity Tag.usage for msdb.sys.queue_messages_2041058307.queuing_order on ROB-XPS should be less than 30 percent" time="0.0129" asserts="0" success="True" result="Success" executed="True" />
              <test-case description="usage for msdb.dbo.syspolicy_policy_category_subscriptions_internal.policy_category_subscription_id on ROB-XPS should be less than 30 percent" name="These tests have an Identity Tag.usage for msdb.dbo.syspolicy_policy_category_subscriptions_internal.policy_category_subscription_id on ROB-XPS should be less than 30 percent" time="0.0155" asserts="0" success="True" result="Success" executed="True" />
              <test-case description="usage for msdb.dbo.sysalerts.id on ROB-XPS should be less than 30 percent" name="These tests have an Identity Tag.usage for msdb.dbo.sysalerts.id on ROB-XPS should be less than 30 percent" time="0.0178" asserts="0" success="True" result="Success" executed="True" />
              <test-case description="usage for msdb.sys.queue_messages_2089110533.queuing_order on ROB-XPS should be less than 30 percent" name="These tests have an Identity Tag.usage for msdb.sys.queue_messages_2089110533.queuing_order on ROB-XPS should be less than 30 percent" time="0.0059" asserts="0" success="True" result="Success" executed="True" />
              <test-case description="usage for msdb.dbo.sysoperators.id on ROB-XPS should be less than 30 percent" name="These tests have an Identity Tag.usage for msdb.dbo.sysoperators.id on ROB-XPS should be less than 30 percent" time="0.0124" asserts="0" success="True" result="Success" executed="True" />
              <test-case description="usage for msdb.sys.queue_messages_2121110647.queuing_order on ROB-XPS should be less than 30 percent" name="These tests have an Identity Tag.usage for msdb.sys.queue_messages_2121110647.queuing_order on ROB-XPS should be less than 30 percent" time="0.0166" asserts="0" success="True" result="Success" executed="True" />
              <test-case description="usage for ProviderDemo.sys.sqlagent_job_history.instance_id on ROB-XPS should be less than 30 percent" name="These tests have an Identity Tag.usage for ProviderDemo.sys.sqlagent_job_history.instance_id on ROB-XPS should be less than 30 percent" time="0.0055" asserts="0" success="True" result="Success" executed="True" />
              <test-case description="usage for ProviderDemo.sys.sqlagent_jobsteps_logs.log_id on ROB-XPS should be less than 30 percent" name="These tests have an Identity Tag.usage for ProviderDemo.sys.sqlagent_jobsteps_logs.log_id on ROB-XPS should be less than 30 percent" time="0.0152" asserts="0" success="True" result="Success" executed="True" />
              <test-case description="usage for ProviderDemo.dbo.InstanceList.InstanceID on ROB-XPS should be less than 30 percent" name="These tests have an Identity Tag.usage for ProviderDemo.dbo.InstanceList.InstanceID on ROB-XPS should be less than 30 percent" time="0.0123" asserts="0" success="True" result="Success" executed="True" />
              <test-case description="usage for ProviderDemo.info.SQLInfo.SQLInfoID on ROB-XPS should be less than 30 percent" name="These tests have an Identity Tag.usage for ProviderDemo.info.SQLInfo.SQLInfoID on ROB-XPS should be less than 30 percent" time="0.0043" asserts="0" success="True" result="Success" executed="True" />
              <test-case description="usage for ProviderDemo.info.ServerOSInfo.ServerOSInfoID on ROB-XPS should be less than 30 percent" name="These tests have an Identity Tag.usage for ProviderDemo.info.ServerOSInfo.ServerOSInfoID on ROB-XPS should be less than 30 percent" time="0.016" asserts="0" success="True" result="Success" executed="True" />
              <test-case description="usage for ProviderDemo.info.Databases.DatabaseID on ROB-XPS should be less than 30 percent" name="These tests have an Identity Tag.usage for ProviderDemo.info.Databases.DatabaseID on ROB-XPS should be less than 30 percent" time="0.0165" asserts="0" success="True" result="Success" executed="True" />
              <test-case description="usage for ProviderDemo.info.AgentJobServer.AgentJobServerID on ROB-XPS should be less than 30 percent" name="These tests have an Identity Tag.usage for ProviderDemo.info.AgentJobServer.AgentJobServerID on ROB-XPS should be less than 30 percent" time="0.013" asserts="0" success="True" result="Success" executed="True" />
              <test-case description="usage for ProviderDemo.sys.queue_messages_1977058079.queuing_order on ROB-XPS should be less than 30 percent" name="These tests have an Identity Tag.usage for ProviderDemo.sys.queue_messages_1977058079.queuing_order on ROB-XPS should be less than 30 percent" time="0.0056" asserts="0" success="True" result="Success" executed="True" />
              <test-case description="usage for ProviderDemo.sys.queue_messages_2009058193.queuing_order on ROB-XPS should be less than 30 percent" name="These tests have an Identity Tag.usage for ProviderDemo.sys.queue_messages_2009058193.queuing_order on ROB-XPS should be less than 30 percent" time="0.0172" asserts="0" success="True" result="Success" executed="True" />
              <test-case description="usage for ProviderDemo.sys.queue_messages_2041058307.queuing_order on ROB-XPS should be less than 30 percent" name="These tests have an Identity Tag.usage for ProviderDemo.sys.queue_messages_2041058307.queuing_order on ROB-XPS should be less than 30 percent" time="0.0048" asserts="0" success="True" result="Success" executed="True" />
              <test-case description="usage for Sascha.sys.sqlagent_job_history.instance_id on ROB-XPS should be less than 30 percent" name="These tests have an Identity Tag.usage for Sascha.sys.sqlagent_job_history.instance_id on ROB-XPS should be less than 30 percent" time="0.0173" asserts="0" success="True" result="Success" executed="True" />
[...]
              <test-case description="usage for SSISDB.internal.object_versions.object_version_lsn on ROB-XPS should be less than 30 percent" name="These tests have an Identity Tag.usage for SSISDB.internal.object_versions.object_version_lsn on ROB-XPS should be less than 30 percent" time="0.0138" asserts="0" success="True" result="Success" executed="True" />
              <test-case description="usage for SSISDB.internal.projects.project_id on ROB-XPS should be less than 30 percent" name="These tests have an Identity Tag.usage for SSISDB.internal.projects.project_id on ROB-XPS should be less than 30 percent" time="0.0137" asserts="0" success="True" result="Success" executed="True" />
              <test-case description="usage for SSISDB.internal.packages.package_id on ROB-XPS should be less than 30 percent" name="These tests have an Identity Tag.usage for SSISDB.internal.packages.package_id on ROB-XPS should be less than 30 percent" time="0.0051" asserts="0" success="True" result="Success" executed="True" />
              <test-case description="usage for SSISDB.internal.object_parameters.parameter_id on ROB-XPS should be less than 30 percent" name="These tests have an Identity Tag.usage for SSISDB.internal.object_parameters.parameter_id on ROB-XPS should be less than 30 percent" time="0.0132" asserts="0" success="True" result="Success" executed="True" />
              <test-case description="usage for SSISDB.internal.environments.environment_id on ROB-XPS should be less than 30 percent" name="These tests have an Identity Tag.usage for SSISDB.internal.environments.environment_id on ROB-XPS should be less than 30 percent" time="0.0045" asserts="0" success="True" result="Success" executed="True" />
              <test-case description="usage for SSISDB.internal.environment_variables.variable_id on ROB-XPS should be less than 30 percent" name="These tests have an Identity Tag.usage for SSISDB.internal.environment_variables.variable_id on ROB-XPS should be less than 30 percent" time="0.0131" asserts="0" success="True" result="Success" executed="True" />
              <test-case description="usage for SSISDB.internal.environment_references.reference_id on ROB-XPS should be less than 30 percent" name="These tests have an Identity Tag.usage for SSISDB.internal.environment_references.reference_id on ROB-XPS should be less than 30 percent" time="0.0043" asserts="0" success="True" result="Success" executed="True" />
              <test-case description="usage for SSISDB.internal.operations.operation_id on ROB-XPS should be less than 30 percent" name="These tests have an Identity Tag.usage for SSISDB.internal.operations.operation_id on ROB-XPS should be less than 30 percent" time="0.0154" asserts="0" success="True" result="Success" executed="True" />
              <test-case description="usage for SSISDB.internal.extended_operation_info.info_id on ROB-XPS should be less than 30 percent" name="These tests have an Identity Tag.usage for SSISDB.internal.extended_operation_info.info_id on ROB-XPS should be less than 30 percent" time="0.0157" asserts="0" success="True" result="Success" executed="True" />
              <test-case description="usage for SSISDB.internal.operation_os_sys_info.info_id on ROB-XPS should be less than 30 percent" name="These tests have an Identity Tag.usage for SSISDB.internal.operation_os_sys_info.info_id on ROB-XPS should be less than 30 percent" time="0.0075" asserts="0" success="True" result="Success" executed="True" />
              <test-case description="usage for SSISDB.internal.operation_messages.operation_message_id on ROB-XPS should be less than 30 percent" name="These tests have an Identity Tag.usage for SSISDB.internal.operation_messages.operation_message_id on ROB-XPS should be less than 30 percent" time="0.017" asserts="0" success="True" result="Success" executed="True" />
              <test-case description="usage for SSISDB.internal.executables.executable_id on ROB-XPS should be less than 30 percent" name="These tests have an Identity Tag.usage for SSISDB.internal.executables.executable_id on ROB-XPS should be less than 30 percent" time="0.015" asserts="0" success="True" result="Success" executed="True" />
              <test-case description="usage for SSISDB.internal.executable_statistics.statistics_id on ROB-XPS should be less than 30 percent" name="These tests have an Identity Tag.usage for SSISDB.internal.executable_statistics.statistics_id on ROB-XPS should be less than 30 percent" time="0.0165" asserts="0" success="True" result="Success" executed="True" />
              <test-case description="usage for SSISDB.internal.execution_data_statistics.data_stats_id on ROB-XPS should be less than 30 percent" name="These tests have an Identity Tag.usage for SSISDB.internal.execution_data_statistics.data_stats_id on ROB-XPS should be less than 30 percent" time="0.006" asserts="0" success="True" result="Success" executed="True" />
              <test-case description="usage for SSISDB.internal.execution_component_phases.phase_stats_id on ROB-XPS should be less than 30 percent" name="These tests have an Identity Tag.usage for SSISDB.internal.execution_component_phases.phase_stats_id on ROB-XPS should be less than 30 percent" time="0.016" asserts="0" success="True" result="Success" executed="True" />
              <test-case description="usage for SSISDB.internal.execution_data_taps.data_tap_id on ROB-XPS should be less than 30 percent" name="These tests have an Identity Tag.usage for SSISDB.internal.execution_data_taps.data_tap_id on ROB-XPS should be less than 30 percent" time="0.0157" asserts="0" success="True" result="Success" executed="True" />
              <test-case description="usage for SSISDB.internal.event_message_context.context_id on ROB-XPS should be less than 30 percent" name="These tests have an Identity Tag.usage for SSISDB.internal.event_message_context.context_id on ROB-XPS should be less than 30 percent" time="0.0057" asserts="0" success="True" result="Success" executed="True" />
              <test-case description="usage for SSISDB.internal.event_message_context_scaleout.context_id on ROB-XPS should be less than 30 percent" name="These tests have an Identity Tag.usage for SSISDB.internal.event_message_context_scaleout.context_id on ROB-XPS should be less than 30 percent" time="0.0153" asserts="0" success="True" result="Success" executed="True" />
              <test-case description="usage for SSISDB.internal.execution_parameter_values.execution_parameter_id on ROB-XPS should be less than 30 percent" name="These tests have an Identity Tag.usage for SSISDB.internal.execution_parameter_values.execution_parameter_id on ROB-XPS should be less than 30 percent" time="0.0159" asserts="0" success="True" result="Success" executed="True" />
              <test-case description="usage for SSISDB.internal.execution_property_override_values.property_id on ROB-XPS should be less than 30 percent" name="These tests have an Identity Tag.usage for SSISDB.internal.execution_property_override_values.property_id on ROB-XPS should be less than 30 percent" time="0.0063" asserts="0" success="True" result="Success" executed="True" />
              <test-case description="usage for SSISDB.internal.folder_permissions.id on ROB-XPS should be less than 30 percent" name="These tests have an Identity Tag.usage for SSISDB.internal.folder_permissions.id on ROB-XPS should be less than 30 percent" time="0.0148" asserts="0" success="True" result="Success" executed="True" />
              <test-case description="usage for SSISDB.internal.project_permissions.id on ROB-XPS should be less than 30 percent" name="These tests have an Identity Tag.usage for SSISDB.internal.project_permissions.id on ROB-XPS should be less than 30 percent" time="0.0158" asserts="0" success="True" result="Success" executed="True" />
              <test-case description="usage for SSISDB.sys.queue_messages_1977058079.queuing_order on ROB-XPS should be less than 30 percent" name="These tests have an Identity Tag.usage for SSISDB.sys.queue_messages_1977058079.queuing_order on ROB-XPS should be less than 30 percent" time="0.0082" asserts="0" success="True" result="Success" executed="True" />
              <test-case description="usage for SSISDB.internal.environment_permissions.id on ROB-XPS should be less than 30 percent" name="These tests have an Identity Tag.usage for SSISDB.internal.environment_permissions.id on ROB-XPS should be less than 30 percent" time="0.0168" asserts="0" success="True" result="Success" executed="True" />
              <test-case description="usage for SSISDB.sys.queue_messages_2009058193.queuing_order on ROB-XPS should be less than 30 percent" name="These tests have an Identity Tag.usage for SSISDB.sys.queue_messages_2009058193.queuing_order on ROB-XPS should be less than 30 percent" time="0.0149" asserts="0" success="True" result="Success" executed="True" />
              <test-case description="usage for SSISDB.sys.queue_messages_2041058307.queuing_order on ROB-XPS should be less than 30 percent" name="These tests have an Identity Tag.usage for SSISDB.sys.queue_messages_2041058307.queuing_order on ROB-XPS should be less than 30 percent" time="0.0059" asserts="0" success="True" result="Success" executed="True" />
              <test-case description="usage for SSISDB.internal.operation_permissions.id on ROB-XPS should be less than 30 percent" name="These tests have an Identity Tag.usage for SSISDB.internal.operation_permissions.id on ROB-XPS should be less than 30 percent" time="0.015" asserts="0" success="True" result="Success" executed="True" />
              <test-case description="usage for thebeardsdatabase.sys.sqlagent_job_history.instance_id on ROB-XPS should be less than 30 percent" name="These tests have an Identity Tag.usage for thebeardsdatabase.sys.sqlagent_job_history.instance_id on ROB-XPS should be less than 30 percent" time="0.0156" asserts="0" success="True" result="Success" executed="True" />
              <test-case description="usage for thebeardsdatabase.sys.sqlagent_jobsteps_logs.log_id on ROB-XPS should be less than 30 percent" name="These tests have an Identity Tag.usage for thebeardsdatabase.sys.sqlagent_jobsteps_logs.log_id on ROB-XPS should be less than 30 percent" time="0.0054" asserts="0" success="True" result="Success" executed="True" />
              <test-case description="usage for thebeardsdatabase.sys.queue_messages_1977058079.queuing_order on ROB-XPS should be less than 30 percent" name="These tests have an Identity Tag.usage for thebeardsdatabase.sys.queue_messages_1977058079.queuing_order on ROB-XPS should be less than 30 percent" time="0.0156" asserts="0" success="True" result="Success" executed="True" />
              <test-case description="usage for thebeardsdatabase.sys.queue_messages_2009058193.queuing_order on ROB-XPS should be less than 30 percent" name="These tests have an Identity Tag.usage for thebeardsdatabase.sys.queue_messages_2009058193.queuing_order on ROB-XPS should be less than 30 percent" time="0.0126" asserts="0" success="True" result="Success" executed="True" />
              <test-case description="usage for thebeardsdatabase.sys.queue_messages_2041058307.queuing_order on ROB-XPS should be less than 30 percent" name="These tests have an Identity Tag.usage for thebeardsdatabase.sys.queue_messages_2041058307.queuing_order on ROB-XPS should be less than 30 percent" time="0.0043" asserts="0" success="True" result="Success" executed="True" />
              <test-case description="usage for tweets.sys.sqlagent_job_history.instance_id on ROB-XPS should be less than 30 percent" name="These tests have an Identity Tag.usage for tweets.sys.sqlagent_job_history.instance_id on ROB-XPS should be less than 30 percent" time="0.0125" asserts="0" success="True" result="Success" executed="True" />
              <test-case description="usage for tweets.sys.sqlagent_jobsteps_logs.log_id on ROB-XPS should be less than 30 percent" name="These tests have an Identity Tag.usage for tweets.sys.sqlagent_jobsteps_logs.log_id on ROB-XPS should be less than 30 percent" time="0.0124" asserts="0" success="True" result="Success" executed="True" />
              <test-case description="usage for tweets.dbo.Tweets.TweetsID on ROB-XPS should be less than 30 percent" name="These tests have an Identity Tag.usage for tweets.dbo.Tweets.TweetsID on ROB-XPS should be less than 30 percent" time="0.0146" asserts="0" success="True" result="Success" executed="True" />
              <test-case description="usage for tweets.sys.queue_messages_1977058079.queuing_order on ROB-XPS should be less than 30 percent" name="These tests have an Identity Tag.usage for tweets.sys.queue_messages_1977058079.queuing_order on ROB-XPS should be less than 30 percent" time="0.0043" asserts="0" success="True" result="Success" executed="True" />
              <test-case description="usage for tweets.sys.queue_messages_2009058193.queuing_order on ROB-XPS should be less than 30 percent" name="These tests have an Identity Tag.usage for tweets.sys.queue_messages_2009058193.queuing_order on ROB-XPS should be less than 30 percent" time="0.0128" asserts="0" success="True" result="Success" executed="True" />
              <test-case description="usage for tweets.sys.queue_messages_2041058307.queuing_order on ROB-XPS should be less than 30 percent" name="These tests have an Identity Tag.usage for tweets.sys.queue_messages_2041058307.queuing_order on ROB-XPS should be less than 30 percent" time="0.0125" asserts="0" success="True" result="Success" executed="True" />
              <test-case description="usage for WideWorldImporters.sys.sqlagent_job_history.instance_id on ROB-XPS should be less than 30 percent" name="These tests have an Identity Tag.usage for WideWorldImporters.sys.sqlagent_job_history.instance_id on ROB-XPS should be less than 30 percent" time="0.0043" asserts="0" success="True" result="Success" executed="True" />
              <test-case description="usage for WideWorldImporters.sys.sqlagent_jobsteps_logs.log_id on ROB-XPS should be less than 30 percent" name="These tests have an Identity Tag.usage for WideWorldImporters.sys.sqlagent_jobsteps_logs.log_id on ROB-XPS should be less than 30 percent" time="0.0129" asserts="0" success="True" result="Success" executed="True" />
              <test-case description="usage for WideWorldImporters.Warehouse.ColdRoomTemperatures.ColdRoomTemperatureID on ROB-XPS should be less than 30 percent" name="These tests have an Identity Tag.usage for WideWorldImporters.Warehouse.ColdRoomTemperatures.ColdRoomTemperatureID on ROB-XPS should be less than 30 percent" time="0.0126" asserts="0" success="True" result="Success" executed="True" />
              <test-case description="usage for WideWorldImporters.sys.TT_SensorDataList_53D770D6.SensorDataListID on ROB-XPS should be less than 30 percent" name="These tests have an Identity Tag.usage for WideWorldImporters.sys.TT_SensorDataList_53D770D6.SensorDataListID on ROB-XPS should be less than 30 percent" time="0.0157" asserts="0" success="True" result="Success" executed="True" />
              <test-case description="usage for WideWorldImporters.Warehouse.VehicleTemperatures.VehicleTemperatureID on ROB-XPS should be less than 30 percent" name="These tests have an Identity Tag.usage for WideWorldImporters.Warehouse.VehicleTemperatures.VehicleTemperatureID on ROB-XPS should be less than 30 percent" time="0.0059" asserts="0" success="True" result="Success" executed="True" />
              <test-case description="usage for WideWorldImporters.sys.queue_messages_1977058079.queuing_order on ROB-XPS should be less than 30 percent" name="These tests have an Identity Tag.usage for WideWorldImporters.sys.queue_messages_1977058079.queuing_order on ROB-XPS should be less than 30 percent" time="0.0131" asserts="0" success="True" result="Success" executed="True" />
              <test-case description="usage for WideWorldImporters.sys.queue_messages_2009058193.queuing_order on ROB-XPS should be less than 30 percent" name="These tests have an Identity Tag.usage for WideWorldImporters.sys.queue_messages_2009058193.queuing_order on ROB-XPS should be less than 30 percent" time="0.0134" asserts="0" success="True" result="Success" executed="True" />
              <test-case description="usage for WideWorldImporters.sys.queue_messages_2041058307.queuing_order on ROB-XPS should be less than 30 percent" name="These tests have an Identity Tag.usage for WideWorldImporters.sys.queue_messages_2041058307.queuing_order on ROB-XPS should be less than 30 percent" time="0.0047" asserts="0" success="True" result="Success" executed="True" />
              <test-case description="usage for WideWorldImporters-Dev.Warehouse.ColdRoomTemperatures.ColdRoomTemperatureID on ROB-XPS should be less than 30 percent" name="These tests have an Identity Tag.usage for WideWorldImporters-Dev.Warehouse.ColdRoomTemperatures.ColdRoomTemperatureID on ROB-XPS should be less than 30 percent" time="0.0132" asserts="0" success="True" result="Success" executed="True" />
              <test-case description="usage for WideWorldImporters-Dev.sys.sqlagent_job_history.instance_id on ROB-XPS should be less than 30 percent" name="These tests have an Identity Tag.usage for WideWorldImporters-Dev.sys.sqlagent_job_history.instance_id on ROB-XPS should be less than 30 percent" time="0.0045" asserts="0" success="True" result="Success" executed="True" />
              <test-case description="usage for WideWorldImporters-Dev.sys.sqlagent_jobsteps_logs.log_id on ROB-XPS should be less than 30 percent" name="These tests have an Identity Tag.usage for WideWorldImporters-Dev.sys.sqlagent_jobsteps_logs.log_id on ROB-XPS should be less than 30 percent" time="0.0129" asserts="0" success="True" result="Success" executed="True" />
              <test-case description="usage for WideWorldImporters-Dev.Warehouse.VehicleTemperatures.VehicleTemperatureID on ROB-XPS should be less than 30 percent" name="These tests have an Identity Tag.usage for WideWorldImporters-Dev.Warehouse.VehicleTemperatures.VehicleTemperatureID on ROB-XPS should be less than 30 percent" time="0.0132" asserts="0" success="True" result="Success" executed="True" />
              <test-case description="usage for WideWorldImporters-Dev.sys.TT_SensorDataList_35BCFE0A.SensorDataListID on ROB-XPS should be less than 30 percent" name="These tests have an Identity Tag.usage for WideWorldImporters-Dev.sys.TT_SensorDataList_35BCFE0A.SensorDataListID on ROB-XPS should be less than 30 percent" time="0.0045" asserts="0" success="True" result="Success" executed="True" />
              <test-case description="usage for WideWorldImporters-Dev.sys.queue_messages_1977058079.queuing_order on ROB-XPS should be less than 30 percent" name="These tests have an Identity Tag.usage for WideWorldImporters-Dev.sys.queue_messages_1977058079.queuing_order on ROB-XPS should be less than 30 percent" time="0.0132" asserts="0" success="True" result="Success" executed="True" />
              <test-case description="usage for WideWorldImporters-Dev.sys.queue_messages_2009058193.queuing_order on ROB-XPS should be less than 30 percent" name="These tests have an Identity Tag.usage for WideWorldImporters-Dev.sys.queue_messages_2009058193.queuing_order on ROB-XPS should be less than 30 percent" time="0.0047" asserts="0" success="True" result="Success" executed="True" />
              <test-case description="usage for WideWorldImporters-Dev.sys.queue_messages_2041058307.queuing_order on ROB-XPS should be less than 30 percent" name="These tests have an Identity Tag.usage for WideWorldImporters-Dev.sys.queue_messages_2041058307.queuing_order on ROB-XPS should be less than 30 percent" time="0.013" asserts="0" success="True" result="Success" executed="True" />
            </results>
          </test-suite>
        </results>
      </test-suite>
    </results>
  </test-suite>
</test-results>